{"/Users/glebshabanov/Documents/Coding/envloped-js/src/client.ts": {"path":"/Users/glebshabanov/Documents/Coding/envloped-js/src/client.ts","all":false,"statementMap":{"9":{"start":{"line":10,"column":0},"end":{"line":10,"column":8}},"17":{"start":{"line":18,"column":0},"end":{"line":18,"column":39}},"18":{"start":{"line":19,"column":0},"end":{"line":19,"column":41}},"23":{"start":{"line":24,"column":0},"end":{"line":24,"column":52}},"28":{"start":{"line":29,"column":0},"end":{"line":29,"column":30}},"33":{"start":{"line":34,"column":0},"end":{"line":34,"column":29}},"46":{"start":{"line":47,"column":0},"end":{"line":47,"column":37}},"47":{"start":{"line":48,"column":0},"end":{"line":48,"column":25}},"48":{"start":{"line":49,"column":0},"end":{"line":49,"column":55}},"49":{"start":{"line":50,"column":0},"end":{"line":50,"column":5}},"51":{"start":{"line":52,"column":0},"end":{"line":52,"column":33}},"52":{"start":{"line":53,"column":0},"end":{"line":53,"column":55}},"53":{"start":{"line":54,"column":0},"end":{"line":54,"column":54}},"54":{"start":{"line":55,"column":0},"end":{"line":55,"column":51}},"55":{"start":{"line":56,"column":0},"end":{"line":56,"column":72}},"57":{"start":{"line":58,"column":0},"end":{"line":58,"column":42}},"58":{"start":{"line":59,"column":0},"end":{"line":59,"column":3}},"63":{"start":{"line":64,"column":0},"end":{"line":64,"column":24}},"64":{"start":{"line":65,"column":0},"end":{"line":65,"column":24}},"65":{"start":{"line":66,"column":0},"end":{"line":66,"column":3}},"70":{"start":{"line":71,"column":0},"end":{"line":71,"column":25}},"71":{"start":{"line":72,"column":0},"end":{"line":72,"column":25}},"72":{"start":{"line":73,"column":0},"end":{"line":73,"column":3}},"77":{"start":{"line":78,"column":0},"end":{"line":78,"column":25}},"78":{"start":{"line":79,"column":0},"end":{"line":79,"column":25}},"79":{"start":{"line":80,"column":0},"end":{"line":80,"column":3}},"84":{"start":{"line":85,"column":0},"end":{"line":85,"column":33}},"85":{"start":{"line":86,"column":0},"end":{"line":86,"column":23}},"86":{"start":{"line":87,"column":0},"end":{"line":87,"column":3}},"91":{"start":{"line":92,"column":0},"end":{"line":92,"column":27}},"92":{"start":{"line":93,"column":0},"end":{"line":93,"column":27}},"93":{"start":{"line":94,"column":0},"end":{"line":94,"column":3}},"98":{"start":{"line":99,"column":0},"end":{"line":99,"column":38}},"99":{"start":{"line":100,"column":0},"end":{"line":100,"column":28}},"100":{"start":{"line":101,"column":0},"end":{"line":101,"column":16}},"101":{"start":{"line":102,"column":0},"end":{"line":102,"column":3}},"106":{"start":{"line":107,"column":0},"end":{"line":107,"column":38}},"107":{"start":{"line":108,"column":0},"end":{"line":108,"column":28}},"108":{"start":{"line":109,"column":0},"end":{"line":109,"column":16}},"109":{"start":{"line":110,"column":0},"end":{"line":110,"column":3}},"114":{"start":{"line":115,"column":0},"end":{"line":115,"column":44}},"115":{"start":{"line":116,"column":0},"end":{"line":116,"column":28}},"116":{"start":{"line":117,"column":0},"end":{"line":117,"column":16}},"117":{"start":{"line":118,"column":0},"end":{"line":118,"column":3}},"122":{"start":{"line":123,"column":0},"end":{"line":123,"column":42}},"123":{"start":{"line":124,"column":0},"end":{"line":124,"column":32}},"124":{"start":{"line":125,"column":0},"end":{"line":125,"column":16}},"125":{"start":{"line":126,"column":0},"end":{"line":126,"column":3}},"130":{"start":{"line":131,"column":0},"end":{"line":131,"column":61}},"131":{"start":{"line":132,"column":0},"end":{"line":132,"column":51}},"132":{"start":{"line":133,"column":0},"end":{"line":133,"column":20}},"133":{"start":{"line":134,"column":0},"end":{"line":134,"column":13}},"134":{"start":{"line":135,"column":0},"end":{"line":135,"column":7}},"135":{"start":{"line":136,"column":0},"end":{"line":136,"column":3}},"140":{"start":{"line":141,"column":0},"end":{"line":141,"column":19}},"141":{"start":{"line":142,"column":0},"end":{"line":142,"column":17}},"142":{"start":{"line":143,"column":0},"end":{"line":143,"column":14}},"147":{"start":{"line":148,"column":0},"end":{"line":148,"column":17}},"148":{"start":{"line":149,"column":0},"end":{"line":149,"column":45}},"149":{"start":{"line":150,"column":0},"end":{"line":150,"column":53}},"151":{"start":{"line":152,"column":0},"end":{"line":152,"column":45}},"153":{"start":{"line":154,"column":0},"end":{"line":154,"column":45}},"154":{"start":{"line":155,"column":0},"end":{"line":155,"column":48}},"155":{"start":{"line":156,"column":0},"end":{"line":156,"column":41}},"156":{"start":{"line":157,"column":0},"end":{"line":157,"column":36}},"157":{"start":{"line":158,"column":0},"end":{"line":158,"column":6}},"159":{"start":{"line":160,"column":0},"end":{"line":160,"column":45}},"160":{"start":{"line":161,"column":0},"end":{"line":161,"column":68}},"163":{"start":{"line":164,"column":0},"end":{"line":164,"column":25}},"164":{"start":{"line":165,"column":0},"end":{"line":165,"column":72}},"165":{"start":{"line":166,"column":0},"end":{"line":166,"column":5}},"167":{"start":{"line":168,"column":0},"end":{"line":168,"column":9}},"168":{"start":{"line":169,"column":0},"end":{"line":169,"column":58}},"169":{"start":{"line":170,"column":0},"end":{"line":170,"column":15}},"170":{"start":{"line":171,"column":0},"end":{"line":171,"column":16}},"171":{"start":{"line":172,"column":0},"end":{"line":172,"column":54}},"172":{"start":{"line":173,"column":0},"end":{"line":173,"column":34}},"173":{"start":{"line":174,"column":0},"end":{"line":174,"column":9}},"175":{"start":{"line":176,"column":0},"end":{"line":176,"column":30}},"177":{"start":{"line":178,"column":0},"end":{"line":178,"column":52}},"178":{"start":{"line":179,"column":0},"end":{"line":179,"column":21}},"179":{"start":{"line":180,"column":0},"end":{"line":180,"column":30}},"182":{"start":{"line":183,"column":0},"end":{"line":183,"column":45}},"183":{"start":{"line":184,"column":0},"end":{"line":184,"column":47}},"184":{"start":{"line":185,"column":0},"end":{"line":185,"column":44}},"185":{"start":{"line":186,"column":0},"end":{"line":186,"column":44}},"186":{"start":{"line":187,"column":0},"end":{"line":187,"column":38}},"187":{"start":{"line":188,"column":0},"end":{"line":188,"column":20}},"188":{"start":{"line":189,"column":0},"end":{"line":189,"column":7}},"190":{"start":{"line":191,"column":0},"end":{"line":191,"column":35}},"191":{"start":{"line":192,"column":0},"end":{"line":192,"column":42}},"192":{"start":{"line":193,"column":0},"end":{"line":193,"column":41}},"193":{"start":{"line":194,"column":0},"end":{"line":194,"column":49}},"194":{"start":{"line":195,"column":0},"end":{"line":195,"column":17}},"195":{"start":{"line":196,"column":0},"end":{"line":196,"column":12}},"196":{"start":{"line":197,"column":0},"end":{"line":197,"column":9}},"197":{"start":{"line":198,"column":0},"end":{"line":198,"column":39}},"198":{"start":{"line":199,"column":0},"end":{"line":199,"column":44}},"199":{"start":{"line":200,"column":0},"end":{"line":200,"column":15}},"200":{"start":{"line":201,"column":0},"end":{"line":201,"column":10}},"201":{"start":{"line":202,"column":0},"end":{"line":202,"column":7}},"203":{"start":{"line":204,"column":0},"end":{"line":204,"column":62}},"204":{"start":{"line":205,"column":0},"end":{"line":205,"column":5}},"205":{"start":{"line":206,"column":0},"end":{"line":206,"column":3}},"210":{"start":{"line":211,"column":0},"end":{"line":211,"column":67}},"211":{"start":{"line":212,"column":0},"end":{"line":212,"column":61}},"212":{"start":{"line":213,"column":0},"end":{"line":213,"column":61}},"214":{"start":{"line":215,"column":0},"end":{"line":215,"column":33}},"215":{"start":{"line":216,"column":0},"end":{"line":216,"column":17}},"216":{"start":{"line":217,"column":0},"end":{"line":217,"column":35}},"217":{"start":{"line":218,"column":0},"end":{"line":218,"column":5}},"219":{"start":{"line":220,"column":0},"end":{"line":220,"column":23}},"220":{"start":{"line":221,"column":0},"end":{"line":221,"column":46}},"221":{"start":{"line":222,"column":0},"end":{"line":222,"column":5}},"223":{"start":{"line":224,"column":0},"end":{"line":224,"column":25}},"224":{"start":{"line":225,"column":0},"end":{"line":225,"column":35}},"225":{"start":{"line":226,"column":0},"end":{"line":226,"column":5}},"227":{"start":{"line":228,"column":0},"end":{"line":228,"column":26}},"228":{"start":{"line":229,"column":0},"end":{"line":229,"column":3}},"233":{"start":{"line":234,"column":0},"end":{"line":234,"column":65}},"234":{"start":{"line":235,"column":0},"end":{"line":235,"column":35}},"235":{"start":{"line":236,"column":0},"end":{"line":236,"column":35}},"236":{"start":{"line":237,"column":0},"end":{"line":237,"column":22}},"238":{"start":{"line":239,"column":0},"end":{"line":239,"column":15}},"239":{"start":{"line":240,"column":0},"end":{"line":240,"column":11}},"240":{"start":{"line":241,"column":0},"end":{"line":241,"column":32}},"241":{"start":{"line":242,"column":0},"end":{"line":242,"column":69}},"242":{"start":{"line":243,"column":0},"end":{"line":243,"column":15}},"243":{"start":{"line":244,"column":0},"end":{"line":244,"column":34}},"244":{"start":{"line":245,"column":0},"end":{"line":245,"column":7}},"245":{"start":{"line":246,"column":0},"end":{"line":246,"column":5}},"247":{"start":{"line":248,"column":0},"end":{"line":248,"column":21}},"248":{"start":{"line":249,"column":0},"end":{"line":249,"column":15}},"249":{"start":{"line":250,"column":0},"end":{"line":250,"column":43}},"250":{"start":{"line":251,"column":0},"end":{"line":251,"column":15}},"251":{"start":{"line":252,"column":0},"end":{"line":252,"column":45}},"252":{"start":{"line":253,"column":0},"end":{"line":253,"column":15}},"253":{"start":{"line":254,"column":0},"end":{"line":254,"column":42}},"254":{"start":{"line":255,"column":0},"end":{"line":255,"column":17}},"255":{"start":{"line":256,"column":0},"end":{"line":256,"column":156}},"256":{"start":{"line":257,"column":0},"end":{"line":257,"column":35}},"257":{"start":{"line":258,"column":0},"end":{"line":258,"column":45}},"258":{"start":{"line":259,"column":0},"end":{"line":259,"column":39}},"259":{"start":{"line":260,"column":0},"end":{"line":260,"column":45}},"260":{"start":{"line":261,"column":0},"end":{"line":261,"column":13}},"261":{"start":{"line":262,"column":0},"end":{"line":262,"column":9}},"262":{"start":{"line":263,"column":0},"end":{"line":263,"column":42}},"263":{"start":{"line":264,"column":0},"end":{"line":264,"column":7}},"264":{"start":{"line":265,"column":0},"end":{"line":265,"column":14}},"265":{"start":{"line":266,"column":0},"end":{"line":266,"column":50}},"266":{"start":{"line":267,"column":0},"end":{"line":267,"column":5}},"267":{"start":{"line":268,"column":0},"end":{"line":268,"column":3}},"268":{"start":{"line":269,"column":0},"end":{"line":269,"column":1}}},"s":{"9":1,"17":1,"18":1,"23":1,"28":1,"33":1,"46":1,"47":38,"48":2,"49":2,"51":36,"52":38,"53":38,"54":38,"55":38,"57":38,"58":38,"63":1,"64":1,"65":1,"70":1,"71":3,"72":3,"77":1,"78":3,"79":3,"84":1,"85":1,"86":1,"91":1,"92":1,"93":1,"98":1,"99":1,"100":1,"101":1,"106":1,"107":1,"108":1,"109":1,"114":1,"115":1,"116":1,"117":1,"122":1,"123":1,"124":1,"125":1,"130":1,"131":1,"132":1,"133":1,"134":1,"135":1,"140":1,"141":15,"142":15,"147":15,"148":15,"149":15,"151":15,"153":15,"154":15,"155":15,"156":15,"157":15,"159":15,"160":15,"163":15,"164":1,"165":1,"167":15,"168":15,"169":15,"170":15,"171":15,"172":15,"173":15,"175":12,"177":12,"178":15,"179":9,"182":9,"183":7,"184":6,"185":5,"186":9,"187":6,"188":6,"190":3,"191":3,"192":1,"193":1,"194":1,"195":1,"196":1,"197":2,"198":2,"199":2,"200":2,"201":2,"203":0,"204":0,"205":15,"210":1,"211":12,"212":12,"214":12,"215":12,"216":12,"217":12,"219":12,"220":6,"221":6,"223":12,"224":6,"225":6,"227":0,"228":12,"233":1,"234":6,"235":6,"236":6,"238":6,"239":6,"240":6,"241":6,"242":6,"243":0,"244":0,"245":6,"247":6,"248":6,"249":2,"250":6,"251":1,"252":6,"253":1,"254":6,"255":1,"256":1,"257":1,"258":1,"259":1,"260":1,"261":1,"262":0,"263":0,"264":6,"265":1,"266":6,"267":6,"268":1},"branchMap":{"0":{"type":"branch","line":47,"loc":{"start":{"line":47,"column":2},"end":{"line":59,"column":3}},"locations":[{"start":{"line":47,"column":2},"end":{"line":59,"column":3}}]},"1":{"type":"branch","line":48,"loc":{"start":{"line":48,"column":24},"end":{"line":50,"column":5}},"locations":[{"start":{"line":48,"column":24},"end":{"line":50,"column":5}}]},"2":{"type":"branch","line":50,"loc":{"start":{"line":50,"column":4},"end":{"line":53,"column":38}},"locations":[{"start":{"line":50,"column":4},"end":{"line":53,"column":38}}]},"3":{"type":"branch","line":53,"loc":{"start":{"line":53,"column":27},"end":{"line":53,"column":55}},"locations":[{"start":{"line":53,"column":27},"end":{"line":53,"column":55}}]},"4":{"type":"branch","line":54,"loc":{"start":{"line":54,"column":27},"end":{"line":54,"column":54}},"locations":[{"start":{"line":54,"column":27},"end":{"line":54,"column":54}}]},"5":{"type":"branch","line":55,"loc":{"start":{"line":55,"column":25},"end":{"line":55,"column":51}},"locations":[{"start":{"line":55,"column":25},"end":{"line":55,"column":51}}]},"6":{"type":"branch","line":56,"loc":{"start":{"line":56,"column":29},"end":{"line":56,"column":72}},"locations":[{"start":{"line":56,"column":29},"end":{"line":56,"column":72}}]},"7":{"type":"branch","line":64,"loc":{"start":{"line":64,"column":2},"end":{"line":66,"column":3}},"locations":[{"start":{"line":64,"column":2},"end":{"line":66,"column":3}}]},"8":{"type":"branch","line":71,"loc":{"start":{"line":71,"column":2},"end":{"line":73,"column":3}},"locations":[{"start":{"line":71,"column":2},"end":{"line":73,"column":3}}]},"9":{"type":"branch","line":78,"loc":{"start":{"line":78,"column":2},"end":{"line":80,"column":3}},"locations":[{"start":{"line":78,"column":2},"end":{"line":80,"column":3}}]},"10":{"type":"branch","line":85,"loc":{"start":{"line":85,"column":2},"end":{"line":87,"column":3}},"locations":[{"start":{"line":85,"column":2},"end":{"line":87,"column":3}}]},"11":{"type":"branch","line":92,"loc":{"start":{"line":92,"column":2},"end":{"line":94,"column":3}},"locations":[{"start":{"line":92,"column":2},"end":{"line":94,"column":3}}]},"12":{"type":"branch","line":99,"loc":{"start":{"line":99,"column":2},"end":{"line":102,"column":3}},"locations":[{"start":{"line":99,"column":2},"end":{"line":102,"column":3}}]},"13":{"type":"branch","line":107,"loc":{"start":{"line":107,"column":2},"end":{"line":110,"column":3}},"locations":[{"start":{"line":107,"column":2},"end":{"line":110,"column":3}}]},"14":{"type":"branch","line":115,"loc":{"start":{"line":115,"column":2},"end":{"line":118,"column":3}},"locations":[{"start":{"line":115,"column":2},"end":{"line":118,"column":3}}]},"15":{"type":"branch","line":123,"loc":{"start":{"line":123,"column":2},"end":{"line":126,"column":3}},"locations":[{"start":{"line":123,"column":2},"end":{"line":126,"column":3}}]},"16":{"type":"branch","line":131,"loc":{"start":{"line":131,"column":2},"end":{"line":136,"column":3}},"locations":[{"start":{"line":131,"column":2},"end":{"line":136,"column":3}}]},"17":{"type":"branch","line":141,"loc":{"start":{"line":141,"column":2},"end":{"line":206,"column":3}},"locations":[{"start":{"line":141,"column":2},"end":{"line":206,"column":3}}]},"18":{"type":"branch","line":150,"loc":{"start":{"line":150,"column":20},"end":{"line":150,"column":39}},"locations":[{"start":{"line":150,"column":20},"end":{"line":150,"column":39}}]},"19":{"type":"branch","line":164,"loc":{"start":{"line":164,"column":8},"end":{"line":164,"column":24}},"locations":[{"start":{"line":164,"column":8},"end":{"line":164,"column":24}}]},"20":{"type":"branch","line":164,"loc":{"start":{"line":164,"column":24},"end":{"line":166,"column":5}},"locations":[{"start":{"line":164,"column":24},"end":{"line":166,"column":5}}]},"21":{"type":"branch","line":172,"loc":{"start":{"line":172,"column":14},"end":{"line":172,"column":44}},"locations":[{"start":{"line":172,"column":14},"end":{"line":172,"column":44}}]},"22":{"type":"branch","line":172,"loc":{"start":{"line":172,"column":40},"end":{"line":172,"column":54}},"locations":[{"start":{"line":172,"column":40},"end":{"line":172,"column":54}}]},"23":{"type":"branch","line":174,"loc":{"start":{"line":174,"column":7},"end":{"line":179,"column":13}},"locations":[{"start":{"line":174,"column":7},"end":{"line":179,"column":13}}]},"24":{"type":"branch","line":179,"loc":{"start":{"line":179,"column":4},"end":{"line":205,"column":5}},"locations":[{"start":{"line":179,"column":4},"end":{"line":205,"column":5}}]},"25":{"type":"branch","line":183,"loc":{"start":{"line":183,"column":27},"end":{"line":184,"column":47}},"locations":[{"start":{"line":183,"column":27},"end":{"line":184,"column":47}}]},"26":{"type":"branch","line":184,"loc":{"start":{"line":184,"column":27},"end":{"line":185,"column":44}},"locations":[{"start":{"line":184,"column":27},"end":{"line":185,"column":44}}]},"27":{"type":"branch","line":185,"loc":{"start":{"line":185,"column":27},"end":{"line":186,"column":44}},"locations":[{"start":{"line":185,"column":27},"end":{"line":186,"column":44}}]},"28":{"type":"branch","line":186,"loc":{"start":{"line":186,"column":27},"end":{"line":187,"column":37}},"locations":[{"start":{"line":186,"column":27},"end":{"line":187,"column":37}}]},"29":{"type":"branch","line":187,"loc":{"start":{"line":187,"column":37},"end":{"line":202,"column":7}},"locations":[{"start":{"line":187,"column":37},"end":{"line":202,"column":7}}]},"30":{"type":"branch","line":187,"loc":{"start":{"line":187,"column":37},"end":{"line":189,"column":7}},"locations":[{"start":{"line":187,"column":37},"end":{"line":189,"column":7}}]},"31":{"type":"branch","line":189,"loc":{"start":{"line":189,"column":6},"end":{"line":202,"column":7}},"locations":[{"start":{"line":189,"column":6},"end":{"line":202,"column":7}}]},"32":{"type":"branch","line":192,"loc":{"start":{"line":192,"column":41},"end":{"line":202,"column":7}},"locations":[{"start":{"line":192,"column":41},"end":{"line":202,"column":7}}]},"33":{"type":"branch","line":192,"loc":{"start":{"line":192,"column":41},"end":{"line":197,"column":9}},"locations":[{"start":{"line":192,"column":41},"end":{"line":197,"column":9}}]},"34":{"type":"branch","line":202,"loc":{"start":{"line":202,"column":6},"end":{"line":205,"column":5}},"locations":[{"start":{"line":202,"column":6},"end":{"line":205,"column":5}}]},"35":{"type":"branch","line":161,"loc":{"start":{"line":161,"column":33},"end":{"line":161,"column":59}},"locations":[{"start":{"line":161,"column":33},"end":{"line":161,"column":59}}]},"36":{"type":"branch","line":211,"loc":{"start":{"line":211,"column":2},"end":{"line":229,"column":3}},"locations":[{"start":{"line":211,"column":2},"end":{"line":229,"column":3}}]},"37":{"type":"branch","line":220,"loc":{"start":{"line":220,"column":22},"end":{"line":224,"column":24}},"locations":[{"start":{"line":220,"column":22},"end":{"line":224,"column":24}}]},"38":{"type":"branch","line":224,"loc":{"start":{"line":224,"column":24},"end":{"line":226,"column":5}},"locations":[{"start":{"line":224,"column":24},"end":{"line":226,"column":5}}]},"39":{"type":"branch","line":226,"loc":{"start":{"line":226,"column":4},"end":{"line":228,"column":26}},"locations":[{"start":{"line":226,"column":4},"end":{"line":228,"column":26}}]},"40":{"type":"branch","line":234,"loc":{"start":{"line":234,"column":10},"end":{"line":268,"column":3}},"locations":[{"start":{"line":234,"column":10},"end":{"line":268,"column":3}}]},"41":{"type":"branch","line":242,"loc":{"start":{"line":242,"column":50},"end":{"line":242,"column":69}},"locations":[{"start":{"line":242,"column":50},"end":{"line":242,"column":69}}]},"42":{"type":"branch","line":243,"loc":{"start":{"line":243,"column":6},"end":{"line":245,"column":7}},"locations":[{"start":{"line":243,"column":6},"end":{"line":245,"column":7}}]},"43":{"type":"branch","line":249,"loc":{"start":{"line":249,"column":6},"end":{"line":250,"column":43}},"locations":[{"start":{"line":249,"column":6},"end":{"line":250,"column":43}}]},"44":{"type":"branch","line":251,"loc":{"start":{"line":251,"column":6},"end":{"line":252,"column":45}},"locations":[{"start":{"line":251,"column":6},"end":{"line":252,"column":45}}]},"45":{"type":"branch","line":253,"loc":{"start":{"line":253,"column":6},"end":{"line":254,"column":42}},"locations":[{"start":{"line":253,"column":6},"end":{"line":254,"column":42}}]},"46":{"type":"branch","line":255,"loc":{"start":{"line":255,"column":6},"end":{"line":264,"column":7}},"locations":[{"start":{"line":255,"column":6},"end":{"line":264,"column":7}}]},"47":{"type":"branch","line":262,"loc":{"start":{"line":262,"column":8},"end":{"line":264,"column":7}},"locations":[{"start":{"line":262,"column":8},"end":{"line":264,"column":7}}]},"48":{"type":"branch","line":265,"loc":{"start":{"line":265,"column":6},"end":{"line":266,"column":50}},"locations":[{"start":{"line":265,"column":6},"end":{"line":266,"column":50}}]}},"b":{"0":[38],"1":[2],"2":[36],"3":[35],"4":[34],"5":[23],"6":[36],"7":[1],"8":[3],"9":[3],"10":[1],"11":[1],"12":[1],"13":[1],"14":[1],"15":[1],"16":[1],"17":[15],"18":[1],"19":[1],"20":[1],"21":[6],"22":[9],"23":[12],"24":[9],"25":[7],"26":[6],"27":[5],"28":[4],"29":[8],"30":[6],"31":[3],"32":[2],"33":[1],"34":[0],"35":[1],"36":[12],"37":[6],"38":[6],"39":[0],"40":[6],"41":[0],"42":[0],"43":[2],"44":[1],"45":[1],"46":[1],"47":[0],"48":[1]},"fnMap":{"0":{"name":"EnvlopedClient","decl":{"start":{"line":47,"column":2},"end":{"line":59,"column":3}},"loc":{"start":{"line":47,"column":2},"end":{"line":59,"column":3}},"line":47},"1":{"name":"get apiKey","decl":{"start":{"line":64,"column":2},"end":{"line":66,"column":3}},"loc":{"start":{"line":64,"column":2},"end":{"line":66,"column":3}},"line":64},"2":{"name":"get baseURL","decl":{"start":{"line":71,"column":2},"end":{"line":73,"column":3}},"loc":{"start":{"line":71,"column":2},"end":{"line":73,"column":3}},"line":71},"3":{"name":"get timeout","decl":{"start":{"line":78,"column":2},"end":{"line":80,"column":3}},"loc":{"start":{"line":78,"column":2},"end":{"line":80,"column":3}},"line":78},"4":{"name":"get fetchImpl","decl":{"start":{"line":85,"column":2},"end":{"line":87,"column":3}},"loc":{"start":{"line":85,"column":2},"end":{"line":87,"column":3}},"line":85},"5":{"name":"get userAgent","decl":{"start":{"line":92,"column":2},"end":{"line":94,"column":3}},"loc":{"start":{"line":92,"column":2},"end":{"line":94,"column":3}},"line":92},"6":{"name":"withBaseURL","decl":{"start":{"line":99,"column":2},"end":{"line":102,"column":3}},"loc":{"start":{"line":99,"column":2},"end":{"line":102,"column":3}},"line":99},"7":{"name":"withTimeout","decl":{"start":{"line":107,"column":2},"end":{"line":110,"column":3}},"loc":{"start":{"line":107,"column":2},"end":{"line":110,"column":3}},"line":107},"8":{"name":"withFetch","decl":{"start":{"line":115,"column":2},"end":{"line":118,"column":3}},"loc":{"start":{"line":115,"column":2},"end":{"line":118,"column":3}},"line":115},"9":{"name":"withUserAgent","decl":{"start":{"line":123,"column":2},"end":{"line":126,"column":3}},"loc":{"start":{"line":123,"column":2},"end":{"line":126,"column":3}},"line":123},"10":{"name":"ping","decl":{"start":{"line":131,"column":2},"end":{"line":136,"column":3}},"loc":{"start":{"line":131,"column":2},"end":{"line":136,"column":3}},"line":131},"11":{"name":"request","decl":{"start":{"line":141,"column":2},"end":{"line":206,"column":3}},"loc":{"start":{"line":141,"column":2},"end":{"line":206,"column":3}},"line":141},"12":{"name":"handleResponse","decl":{"start":{"line":211,"column":2},"end":{"line":229,"column":3}},"loc":{"start":{"line":211,"column":2},"end":{"line":229,"column":3}},"line":211},"13":{"name":"handleError","decl":{"start":{"line":234,"column":10},"end":{"line":268,"column":3}},"loc":{"start":{"line":234,"column":10},"end":{"line":268,"column":3}},"line":234}},"f":{"0":38,"1":1,"2":3,"3":3,"4":1,"5":1,"6":1,"7":1,"8":1,"9":1,"10":1,"11":15,"12":12,"13":6}}
,"/Users/glebshabanov/Documents/Coding/envloped-js/src/emails.ts": {"path":"/Users/glebshabanov/Documents/Coding/envloped-js/src/emails.ts","all":false,"statementMap":{"10":{"start":{"line":11,"column":0},"end":{"line":11,"column":43}},"23":{"start":{"line":24,"column":0},"end":{"line":24,"column":54}},"24":{"start":{"line":25,"column":0},"end":{"line":25,"column":48}},"29":{"start":{"line":30,"column":0},"end":{"line":30,"column":13}},"30":{"start":{"line":31,"column":0},"end":{"line":31,"column":29}},"31":{"start":{"line":32,"column":0},"end":{"line":32,"column":55}},"32":{"start":{"line":33,"column":0},"end":{"line":33,"column":33}},"34":{"start":{"line":35,"column":0},"end":{"line":35,"column":32}},"36":{"start":{"line":37,"column":0},"end":{"line":37,"column":65}},"37":{"start":{"line":38,"column":0},"end":{"line":38,"column":21}},"38":{"start":{"line":39,"column":0},"end":{"line":39,"column":19}},"39":{"start":{"line":40,"column":0},"end":{"line":40,"column":13}},"40":{"start":{"line":41,"column":0},"end":{"line":41,"column":7}},"41":{"start":{"line":42,"column":0},"end":{"line":42,"column":3}},"46":{"start":{"line":47,"column":0},"end":{"line":47,"column":58}},"47":{"start":{"line":48,"column":0},"end":{"line":48,"column":23}},"48":{"start":{"line":49,"column":0},"end":{"line":49,"column":60}},"49":{"start":{"line":50,"column":0},"end":{"line":50,"column":5}},"51":{"start":{"line":52,"column":0},"end":{"line":52,"column":42}},"52":{"start":{"line":53,"column":0},"end":{"line":53,"column":56}},"53":{"start":{"line":54,"column":0},"end":{"line":54,"column":5}},"55":{"start":{"line":56,"column":0},"end":{"line":56,"column":47}},"56":{"start":{"line":57,"column":0},"end":{"line":57,"column":70}},"57":{"start":{"line":58,"column":0},"end":{"line":58,"column":5}},"59":{"start":{"line":60,"column":0},"end":{"line":60,"column":25}},"60":{"start":{"line":61,"column":0},"end":{"line":61,"column":41}},"61":{"start":{"line":62,"column":0},"end":{"line":62,"column":30}},"62":{"start":{"line":63,"column":0},"end":{"line":63,"column":80}},"63":{"start":{"line":64,"column":0},"end":{"line":64,"column":38}},"64":{"start":{"line":65,"column":0},"end":{"line":65,"column":77}},"65":{"start":{"line":66,"column":0},"end":{"line":66,"column":7}},"66":{"start":{"line":67,"column":0},"end":{"line":67,"column":5}},"68":{"start":{"line":69,"column":0},"end":{"line":69,"column":20}},"69":{"start":{"line":70,"column":0},"end":{"line":70,"column":50}},"70":{"start":{"line":71,"column":0},"end":{"line":71,"column":39}},"71":{"start":{"line":72,"column":0},"end":{"line":72,"column":82}},"72":{"start":{"line":73,"column":0},"end":{"line":73,"column":40}},"73":{"start":{"line":74,"column":0},"end":{"line":74,"column":72}},"74":{"start":{"line":75,"column":0},"end":{"line":75,"column":9}},"75":{"start":{"line":76,"column":0},"end":{"line":76,"column":7}},"76":{"start":{"line":77,"column":0},"end":{"line":77,"column":5}},"78":{"start":{"line":79,"column":0},"end":{"line":79,"column":21}},"79":{"start":{"line":80,"column":0},"end":{"line":80,"column":51}},"80":{"start":{"line":81,"column":0},"end":{"line":81,"column":40}},"81":{"start":{"line":82,"column":0},"end":{"line":82,"column":82}},"82":{"start":{"line":83,"column":0},"end":{"line":83,"column":40}},"83":{"start":{"line":84,"column":0},"end":{"line":84,"column":73}},"84":{"start":{"line":85,"column":0},"end":{"line":85,"column":9}},"85":{"start":{"line":86,"column":0},"end":{"line":86,"column":7}},"86":{"start":{"line":87,"column":0},"end":{"line":87,"column":5}},"88":{"start":{"line":89,"column":0},"end":{"line":89,"column":58}},"89":{"start":{"line":90,"column":0},"end":{"line":90,"column":55}},"90":{"start":{"line":91,"column":0},"end":{"line":91,"column":5}},"92":{"start":{"line":93,"column":0},"end":{"line":93,"column":39}},"93":{"start":{"line":94,"column":0},"end":{"line":94,"column":75}},"94":{"start":{"line":95,"column":0},"end":{"line":95,"column":5}},"96":{"start":{"line":97,"column":0},"end":{"line":97,"column":63}},"97":{"start":{"line":98,"column":0},"end":{"line":98,"column":60}},"98":{"start":{"line":99,"column":0},"end":{"line":99,"column":5}},"99":{"start":{"line":100,"column":0},"end":{"line":100,"column":3}},"104":{"start":{"line":105,"column":0},"end":{"line":105,"column":48}},"105":{"start":{"line":106,"column":0},"end":{"line":106,"column":46}},"106":{"start":{"line":107,"column":0},"end":{"line":107,"column":19}},"107":{"start":{"line":108,"column":0},"end":{"line":108,"column":5}},"110":{"start":{"line":111,"column":0},"end":{"line":111,"column":158}},"112":{"start":{"line":113,"column":0},"end":{"line":113,"column":34}},"113":{"start":{"line":114,"column":0},"end":{"line":114,"column":3}},"118":{"start":{"line":119,"column":0},"end":{"line":119,"column":62}},"119":{"start":{"line":120,"column":0},"end":{"line":120,"column":17}},"120":{"start":{"line":121,"column":0},"end":{"line":121,"column":66}},"121":{"start":{"line":122,"column":0},"end":{"line":122,"column":5}},"123":{"start":{"line":124,"column":0},"end":{"line":124,"column":36}},"124":{"start":{"line":125,"column":0},"end":{"line":125,"column":69}},"125":{"start":{"line":126,"column":0},"end":{"line":126,"column":5}},"127":{"start":{"line":128,"column":0},"end":{"line":128,"column":27}},"128":{"start":{"line":129,"column":0},"end":{"line":129,"column":3}},"133":{"start":{"line":134,"column":0},"end":{"line":134,"column":71}},"134":{"start":{"line":135,"column":0},"end":{"line":135,"column":38}},"135":{"start":{"line":136,"column":0},"end":{"line":136,"column":32}},"136":{"start":{"line":137,"column":0},"end":{"line":137,"column":5}},"137":{"start":{"line":138,"column":0},"end":{"line":138,"column":19}},"138":{"start":{"line":139,"column":0},"end":{"line":139,"column":3}},"139":{"start":{"line":140,"column":0},"end":{"line":140,"column":1}}},"s":{"10":1,"23":1,"24":1,"29":1,"30":14,"31":14,"32":14,"34":14,"36":14,"37":14,"38":14,"39":14,"40":14,"41":14,"46":1,"47":14,"48":1,"49":1,"51":14,"52":1,"53":1,"55":14,"56":1,"57":1,"59":11,"60":14,"61":12,"62":12,"63":12,"64":1,"65":1,"66":12,"68":14,"69":1,"70":1,"71":1,"72":1,"73":1,"74":1,"75":1,"76":0,"78":14,"79":1,"80":1,"81":1,"82":1,"83":1,"84":1,"85":1,"86":0,"88":14,"89":1,"90":1,"92":14,"93":1,"94":1,"96":14,"97":1,"98":1,"99":14,"104":1,"105":30,"106":0,"107":0,"110":30,"112":30,"113":30,"118":1,"119":3,"120":1,"121":1,"123":3,"124":1,"125":1,"127":1,"128":3,"133":1,"134":2,"135":1,"136":1,"137":1,"138":2,"139":1},"branchMap":{"0":{"type":"branch","line":25,"loc":{"start":{"line":25,"column":2},"end":{"line":25,"column":48}},"locations":[{"start":{"line":25,"column":2},"end":{"line":25,"column":48}}]},"1":{"type":"branch","line":30,"loc":{"start":{"line":30,"column":2},"end":{"line":42,"column":3}},"locations":[{"start":{"line":30,"column":2},"end":{"line":42,"column":3}}]},"2":{"type":"branch","line":47,"loc":{"start":{"line":47,"column":10},"end":{"line":100,"column":3}},"locations":[{"start":{"line":47,"column":10},"end":{"line":100,"column":3}}]},"3":{"type":"branch","line":48,"loc":{"start":{"line":48,"column":22},"end":{"line":50,"column":5}},"locations":[{"start":{"line":48,"column":22},"end":{"line":50,"column":5}}]},"4":{"type":"branch","line":50,"loc":{"start":{"line":50,"column":4},"end":{"line":52,"column":41}},"locations":[{"start":{"line":50,"column":4},"end":{"line":52,"column":41}}]},"5":{"type":"branch","line":52,"loc":{"start":{"line":52,"column":41},"end":{"line":54,"column":5}},"locations":[{"start":{"line":52,"column":41},"end":{"line":54,"column":5}}]},"6":{"type":"branch","line":54,"loc":{"start":{"line":54,"column":4},"end":{"line":56,"column":46}},"locations":[{"start":{"line":54,"column":4},"end":{"line":56,"column":46}}]},"7":{"type":"branch","line":56,"loc":{"start":{"line":56,"column":46},"end":{"line":58,"column":5}},"locations":[{"start":{"line":56,"column":46},"end":{"line":58,"column":5}}]},"8":{"type":"branch","line":58,"loc":{"start":{"line":58,"column":4},"end":{"line":61,"column":40}},"locations":[{"start":{"line":58,"column":4},"end":{"line":61,"column":40}}]},"9":{"type":"branch","line":61,"loc":{"start":{"line":61,"column":40},"end":{"line":67,"column":5}},"locations":[{"start":{"line":61,"column":40},"end":{"line":67,"column":5}}]},"10":{"type":"branch","line":63,"loc":{"start":{"line":63,"column":41},"end":{"line":63,"column":64}},"locations":[{"start":{"line":63,"column":41},"end":{"line":63,"column":64}}]},"11":{"type":"branch","line":63,"loc":{"start":{"line":63,"column":52},"end":{"line":63,"column":80}},"locations":[{"start":{"line":63,"column":52},"end":{"line":63,"column":80}}]},"12":{"type":"branch","line":64,"loc":{"start":{"line":64,"column":37},"end":{"line":66,"column":7}},"locations":[{"start":{"line":64,"column":37},"end":{"line":66,"column":7}}]},"13":{"type":"branch","line":67,"loc":{"start":{"line":67,"column":4},"end":{"line":69,"column":19}},"locations":[{"start":{"line":67,"column":4},"end":{"line":69,"column":19}}]},"14":{"type":"branch","line":69,"loc":{"start":{"line":69,"column":19},"end":{"line":77,"column":5}},"locations":[{"start":{"line":69,"column":19},"end":{"line":77,"column":5}}]},"15":{"type":"branch","line":72,"loc":{"start":{"line":72,"column":54},"end":{"line":72,"column":82}},"locations":[{"start":{"line":72,"column":54},"end":{"line":72,"column":82}}]},"16":{"type":"branch","line":76,"loc":{"start":{"line":76,"column":6},"end":{"line":77,"column":5}},"locations":[{"start":{"line":76,"column":6},"end":{"line":77,"column":5}}]},"17":{"type":"branch","line":77,"loc":{"start":{"line":77,"column":4},"end":{"line":79,"column":20}},"locations":[{"start":{"line":77,"column":4},"end":{"line":79,"column":20}}]},"18":{"type":"branch","line":79,"loc":{"start":{"line":79,"column":20},"end":{"line":87,"column":5}},"locations":[{"start":{"line":79,"column":20},"end":{"line":87,"column":5}}]},"19":{"type":"branch","line":82,"loc":{"start":{"line":82,"column":54},"end":{"line":82,"column":82}},"locations":[{"start":{"line":82,"column":54},"end":{"line":82,"column":82}}]},"20":{"type":"branch","line":86,"loc":{"start":{"line":86,"column":6},"end":{"line":87,"column":5}},"locations":[{"start":{"line":86,"column":6},"end":{"line":87,"column":5}}]},"21":{"type":"branch","line":87,"loc":{"start":{"line":87,"column":4},"end":{"line":89,"column":27}},"locations":[{"start":{"line":87,"column":4},"end":{"line":89,"column":27}}]},"22":{"type":"branch","line":89,"loc":{"start":{"line":89,"column":16},"end":{"line":89,"column":57}},"locations":[{"start":{"line":89,"column":16},"end":{"line":89,"column":57}}]},"23":{"type":"branch","line":89,"loc":{"start":{"line":89,"column":57},"end":{"line":91,"column":5}},"locations":[{"start":{"line":89,"column":57},"end":{"line":91,"column":5}}]},"24":{"type":"branch","line":91,"loc":{"start":{"line":91,"column":4},"end":{"line":93,"column":24}},"locations":[{"start":{"line":91,"column":4},"end":{"line":93,"column":24}}]},"25":{"type":"branch","line":93,"loc":{"start":{"line":93,"column":16},"end":{"line":93,"column":38}},"locations":[{"start":{"line":93,"column":16},"end":{"line":93,"column":38}}]},"26":{"type":"branch","line":93,"loc":{"start":{"line":93,"column":38},"end":{"line":95,"column":5}},"locations":[{"start":{"line":93,"column":38},"end":{"line":95,"column":5}}]},"27":{"type":"branch","line":95,"loc":{"start":{"line":95,"column":4},"end":{"line":97,"column":26}},"locations":[{"start":{"line":95,"column":4},"end":{"line":97,"column":26}}]},"28":{"type":"branch","line":97,"loc":{"start":{"line":97,"column":15},"end":{"line":97,"column":62}},"locations":[{"start":{"line":97,"column":15},"end":{"line":97,"column":62}}]},"29":{"type":"branch","line":97,"loc":{"start":{"line":97,"column":62},"end":{"line":99,"column":5}},"locations":[{"start":{"line":97,"column":62},"end":{"line":99,"column":5}}]},"30":{"type":"branch","line":105,"loc":{"start":{"line":105,"column":10},"end":{"line":114,"column":3}},"locations":[{"start":{"line":105,"column":10},"end":{"line":114,"column":3}}]},"31":{"type":"branch","line":106,"loc":{"start":{"line":106,"column":45},"end":{"line":108,"column":5}},"locations":[{"start":{"line":106,"column":45},"end":{"line":108,"column":5}}]},"32":{"type":"branch","line":119,"loc":{"start":{"line":119,"column":2},"end":{"line":129,"column":3}},"locations":[{"start":{"line":119,"column":2},"end":{"line":129,"column":3}}]},"33":{"type":"branch","line":120,"loc":{"start":{"line":120,"column":16},"end":{"line":122,"column":5}},"locations":[{"start":{"line":120,"column":16},"end":{"line":122,"column":5}}]},"34":{"type":"branch","line":122,"loc":{"start":{"line":122,"column":4},"end":{"line":124,"column":35}},"locations":[{"start":{"line":122,"column":4},"end":{"line":124,"column":35}}]},"35":{"type":"branch","line":124,"loc":{"start":{"line":124,"column":35},"end":{"line":128,"column":27}},"locations":[{"start":{"line":124,"column":35},"end":{"line":128,"column":27}}]},"36":{"type":"branch","line":134,"loc":{"start":{"line":134,"column":2},"end":{"line":139,"column":3}},"locations":[{"start":{"line":134,"column":2},"end":{"line":139,"column":3}}]},"37":{"type":"branch","line":135,"loc":{"start":{"line":135,"column":37},"end":{"line":138,"column":19}},"locations":[{"start":{"line":135,"column":37},"end":{"line":138,"column":19}}]}},"b":{"0":[36],"1":[14],"2":[14],"3":[1],"4":[13],"5":[1],"6":[12],"7":[1],"8":[11],"9":[12],"10":[10],"11":[2],"12":[1],"13":[10],"14":[1],"15":[0],"16":[0],"17":[9],"18":[1],"19":[0],"20":[0],"21":[8],"22":[7],"23":[1],"24":[7],"25":[2],"26":[1],"27":[6],"28":[1],"29":[1],"30":[30],"31":[0],"32":[3],"33":[1],"34":[2],"35":[1],"36":[2],"37":[1]},"fnMap":{"0":{"name":"EmailsService","decl":{"start":{"line":25,"column":2},"end":{"line":25,"column":48}},"loc":{"start":{"line":25,"column":2},"end":{"line":25,"column":48}},"line":25},"1":{"name":"send","decl":{"start":{"line":30,"column":2},"end":{"line":42,"column":3}},"loc":{"start":{"line":30,"column":2},"end":{"line":42,"column":3}},"line":30},"2":{"name":"validateParams","decl":{"start":{"line":47,"column":10},"end":{"line":100,"column":3}},"loc":{"start":{"line":47,"column":10},"end":{"line":100,"column":3}},"line":47},"3":{"name":"isValidEmail","decl":{"start":{"line":105,"column":10},"end":{"line":114,"column":3}},"loc":{"start":{"line":105,"column":10},"end":{"line":114,"column":3}},"line":105},"4":{"name":"validateEmailAddress","decl":{"start":{"line":119,"column":2},"end":{"line":129,"column":3}},"loc":{"start":{"line":119,"column":2},"end":{"line":129,"column":3}},"line":119},"5":{"name":"normalizeEmailAddress","decl":{"start":{"line":134,"column":2},"end":{"line":139,"column":3}},"loc":{"start":{"line":134,"column":2},"end":{"line":139,"column":3}},"line":134}},"f":{"0":36,"1":14,"2":14,"3":30,"4":3,"5":2}}
,"/Users/glebshabanov/Documents/Coding/envloped-js/src/errors.ts": {"path":"/Users/glebshabanov/Documents/Coding/envloped-js/src/errors.ts","all":false,"statementMap":{"9":{"start":{"line":10,"column":0},"end":{"line":10,"column":42}},"10":{"start":{"line":11,"column":0},"end":{"line":11,"column":32}},"11":{"start":{"line":12,"column":0},"end":{"line":12,"column":19}},"12":{"start":{"line":13,"column":0},"end":{"line":13,"column":32}},"13":{"start":{"line":14,"column":0},"end":{"line":14,"column":57}},"14":{"start":{"line":15,"column":0},"end":{"line":15,"column":3}},"15":{"start":{"line":16,"column":0},"end":{"line":16,"column":1}},"21":{"start":{"line":22,"column":0},"end":{"line":22,"column":52}},"22":{"start":{"line":23,"column":0},"end":{"line":23,"column":32}},"23":{"start":{"line":24,"column":0},"end":{"line":24,"column":19}},"24":{"start":{"line":25,"column":0},"end":{"line":25,"column":34}},"25":{"start":{"line":26,"column":0},"end":{"line":26,"column":59}},"26":{"start":{"line":27,"column":0},"end":{"line":27,"column":3}},"27":{"start":{"line":28,"column":0},"end":{"line":28,"column":1}},"33":{"start":{"line":34,"column":0},"end":{"line":34,"column":54}},"34":{"start":{"line":35,"column":0},"end":{"line":35,"column":77}},"35":{"start":{"line":36,"column":0},"end":{"line":36,"column":19}},"36":{"start":{"line":37,"column":0},"end":{"line":37,"column":36}},"37":{"start":{"line":38,"column":0},"end":{"line":38,"column":61}},"38":{"start":{"line":39,"column":0},"end":{"line":39,"column":3}},"39":{"start":{"line":40,"column":0},"end":{"line":40,"column":1}},"45":{"start":{"line":46,"column":0},"end":{"line":46,"column":51}},"46":{"start":{"line":47,"column":0},"end":{"line":47,"column":61}},"47":{"start":{"line":48,"column":0},"end":{"line":48,"column":19}},"48":{"start":{"line":49,"column":0},"end":{"line":49,"column":33}},"49":{"start":{"line":50,"column":0},"end":{"line":50,"column":58}},"50":{"start":{"line":51,"column":0},"end":{"line":51,"column":3}},"51":{"start":{"line":52,"column":0},"end":{"line":52,"column":1}},"57":{"start":{"line":58,"column":0},"end":{"line":58,"column":51}},"63":{"start":{"line":64,"column":0},"end":{"line":64,"column":60}},"64":{"start":{"line":65,"column":0},"end":{"line":65,"column":19}},"65":{"start":{"line":66,"column":0},"end":{"line":66,"column":33}},"66":{"start":{"line":67,"column":0},"end":{"line":67,"column":36}},"67":{"start":{"line":68,"column":0},"end":{"line":68,"column":20}},"68":{"start":{"line":69,"column":0},"end":{"line":69,"column":22}},"69":{"start":{"line":70,"column":0},"end":{"line":70,"column":20}},"70":{"start":{"line":71,"column":0},"end":{"line":71,"column":22}},"71":{"start":{"line":72,"column":0},"end":{"line":72,"column":6}},"72":{"start":{"line":73,"column":0},"end":{"line":73,"column":38}},"73":{"start":{"line":74,"column":0},"end":{"line":74,"column":58}},"74":{"start":{"line":75,"column":0},"end":{"line":75,"column":3}},"75":{"start":{"line":76,"column":0},"end":{"line":76,"column":1}},"81":{"start":{"line":82,"column":0},"end":{"line":82,"column":45}},"87":{"start":{"line":88,"column":0},"end":{"line":88,"column":67}},"88":{"start":{"line":89,"column":0},"end":{"line":89,"column":19}},"89":{"start":{"line":90,"column":0},"end":{"line":90,"column":27}},"90":{"start":{"line":91,"column":0},"end":{"line":91,"column":33}},"91":{"start":{"line":92,"column":0},"end":{"line":92,"column":21}},"92":{"start":{"line":93,"column":0},"end":{"line":93,"column":52}},"93":{"start":{"line":94,"column":0},"end":{"line":94,"column":3}},"94":{"start":{"line":95,"column":0},"end":{"line":95,"column":1}},"100":{"start":{"line":101,"column":0},"end":{"line":101,"column":57}},"104":{"start":{"line":105,"column":0},"end":{"line":105,"column":47}},"105":{"start":{"line":106,"column":0},"end":{"line":106,"column":19}},"106":{"start":{"line":107,"column":0},"end":{"line":107,"column":39}},"107":{"start":{"line":108,"column":0},"end":{"line":108,"column":23}},"108":{"start":{"line":109,"column":0},"end":{"line":109,"column":64}},"109":{"start":{"line":110,"column":0},"end":{"line":110,"column":3}},"110":{"start":{"line":111,"column":0},"end":{"line":111,"column":1}},"115":{"start":{"line":116,"column":0},"end":{"line":116,"column":77}},"116":{"start":{"line":117,"column":0},"end":{"line":117,"column":42}},"117":{"start":{"line":118,"column":0},"end":{"line":118,"column":1}},"122":{"start":{"line":123,"column":0},"end":{"line":123,"column":81}},"123":{"start":{"line":124,"column":0},"end":{"line":124,"column":44}},"124":{"start":{"line":125,"column":0},"end":{"line":125,"column":1}},"129":{"start":{"line":130,"column":0},"end":{"line":130,"column":75}},"130":{"start":{"line":131,"column":0},"end":{"line":131,"column":41}},"131":{"start":{"line":132,"column":0},"end":{"line":132,"column":1}},"136":{"start":{"line":137,"column":0},"end":{"line":137,"column":75}},"137":{"start":{"line":138,"column":0},"end":{"line":138,"column":41}},"138":{"start":{"line":139,"column":0},"end":{"line":139,"column":1}},"143":{"start":{"line":144,"column":0},"end":{"line":144,"column":63}},"144":{"start":{"line":145,"column":0},"end":{"line":145,"column":35}},"145":{"start":{"line":146,"column":0},"end":{"line":146,"column":1}},"150":{"start":{"line":151,"column":0},"end":{"line":151,"column":79}},"151":{"start":{"line":152,"column":0},"end":{"line":152,"column":47}},"152":{"start":{"line":153,"column":0},"end":{"line":153,"column":1}},"157":{"start":{"line":158,"column":0},"end":{"line":158,"column":73}},"158":{"start":{"line":159,"column":0},"end":{"line":159,"column":40}},"159":{"start":{"line":160,"column":0},"end":{"line":160,"column":1}}},"s":{"9":1,"10":1,"11":37,"12":37,"13":37,"14":37,"15":1,"21":1,"22":1,"23":15,"24":15,"25":15,"26":15,"27":1,"33":1,"34":1,"35":4,"36":4,"37":4,"38":4,"39":1,"45":1,"46":1,"47":4,"48":4,"49":4,"50":4,"51":1,"57":1,"63":1,"64":4,"65":4,"66":4,"67":2,"68":2,"69":2,"70":2,"71":2,"72":4,"73":4,"74":4,"75":1,"81":1,"87":1,"88":3,"89":3,"90":3,"91":3,"92":3,"93":3,"94":1,"100":1,"104":1,"105":6,"106":6,"107":6,"108":6,"109":6,"110":1,"115":1,"116":4,"117":4,"122":1,"123":3,"124":3,"129":1,"130":2,"131":2,"136":1,"137":2,"138":2,"143":1,"144":4,"145":4,"150":1,"151":1,"152":1,"157":1,"158":9,"159":9},"branchMap":{"0":{"type":"branch","line":11,"loc":{"start":{"line":11,"column":2},"end":{"line":15,"column":3}},"locations":[{"start":{"line":11,"column":2},"end":{"line":15,"column":3}}]},"1":{"type":"branch","line":23,"loc":{"start":{"line":23,"column":2},"end":{"line":27,"column":3}},"locations":[{"start":{"line":23,"column":2},"end":{"line":27,"column":3}}]},"2":{"type":"branch","line":35,"loc":{"start":{"line":35,"column":2},"end":{"line":39,"column":3}},"locations":[{"start":{"line":35,"column":2},"end":{"line":39,"column":3}}]},"3":{"type":"branch","line":47,"loc":{"start":{"line":47,"column":2},"end":{"line":51,"column":3}},"locations":[{"start":{"line":47,"column":2},"end":{"line":51,"column":3}}]},"4":{"type":"branch","line":64,"loc":{"start":{"line":64,"column":2},"end":{"line":75,"column":3}},"locations":[{"start":{"line":64,"column":2},"end":{"line":75,"column":3}}]},"5":{"type":"branch","line":67,"loc":{"start":{"line":67,"column":17},"end":{"line":67,"column":35}},"locations":[{"start":{"line":67,"column":17},"end":{"line":67,"column":35}}]},"6":{"type":"branch","line":67,"loc":{"start":{"line":67,"column":26},"end":{"line":72,"column":6}},"locations":[{"start":{"line":67,"column":26},"end":{"line":72,"column":6}}]},"7":{"type":"branch","line":73,"loc":{"start":{"line":73,"column":20},"end":{"line":73,"column":38}},"locations":[{"start":{"line":73,"column":20},"end":{"line":73,"column":38}}]},"8":{"type":"branch","line":88,"loc":{"start":{"line":88,"column":2},"end":{"line":94,"column":3}},"locations":[{"start":{"line":88,"column":2},"end":{"line":94,"column":3}}]},"9":{"type":"branch","line":105,"loc":{"start":{"line":105,"column":2},"end":{"line":110,"column":3}},"locations":[{"start":{"line":105,"column":2},"end":{"line":110,"column":3}}]},"10":{"type":"branch","line":116,"loc":{"start":{"line":116,"column":7},"end":{"line":118,"column":1}},"locations":[{"start":{"line":116,"column":7},"end":{"line":118,"column":1}}]},"11":{"type":"branch","line":123,"loc":{"start":{"line":123,"column":7},"end":{"line":125,"column":1}},"locations":[{"start":{"line":123,"column":7},"end":{"line":125,"column":1}}]},"12":{"type":"branch","line":130,"loc":{"start":{"line":130,"column":7},"end":{"line":132,"column":1}},"locations":[{"start":{"line":130,"column":7},"end":{"line":132,"column":1}}]},"13":{"type":"branch","line":137,"loc":{"start":{"line":137,"column":7},"end":{"line":139,"column":1}},"locations":[{"start":{"line":137,"column":7},"end":{"line":139,"column":1}}]},"14":{"type":"branch","line":144,"loc":{"start":{"line":144,"column":7},"end":{"line":146,"column":1}},"locations":[{"start":{"line":144,"column":7},"end":{"line":146,"column":1}}]},"15":{"type":"branch","line":151,"loc":{"start":{"line":151,"column":7},"end":{"line":153,"column":1}},"locations":[{"start":{"line":151,"column":7},"end":{"line":153,"column":1}}]},"16":{"type":"branch","line":158,"loc":{"start":{"line":158,"column":7},"end":{"line":160,"column":1}},"locations":[{"start":{"line":158,"column":7},"end":{"line":160,"column":1}}]}},"b":{"0":[37],"1":[15],"2":[4],"3":[4],"4":[4],"5":[2],"6":[2],"7":[2],"8":[3],"9":[6],"10":[4],"11":[3],"12":[2],"13":[2],"14":[4],"15":[1],"16":[9]},"fnMap":{"0":{"name":"EnvlopedError","decl":{"start":{"line":11,"column":2},"end":{"line":15,"column":3}},"loc":{"start":{"line":11,"column":2},"end":{"line":15,"column":3}},"line":11},"1":{"name":"ValidationError","decl":{"start":{"line":23,"column":2},"end":{"line":27,"column":3}},"loc":{"start":{"line":23,"column":2},"end":{"line":27,"column":3}},"line":23},"2":{"name":"UnauthorizedError","decl":{"start":{"line":35,"column":2},"end":{"line":39,"column":3}},"loc":{"start":{"line":35,"column":2},"end":{"line":39,"column":3}},"line":35},"3":{"name":"ForbiddenError","decl":{"start":{"line":47,"column":2},"end":{"line":51,"column":3}},"loc":{"start":{"line":47,"column":2},"end":{"line":51,"column":3}},"line":47},"4":{"name":"RateLimitError","decl":{"start":{"line":64,"column":2},"end":{"line":75,"column":3}},"loc":{"start":{"line":64,"column":2},"end":{"line":75,"column":3}},"line":64},"5":{"name":"APIError","decl":{"start":{"line":88,"column":2},"end":{"line":94,"column":3}},"loc":{"start":{"line":88,"column":2},"end":{"line":94,"column":3}},"line":88},"6":{"name":"EnvlopedNetworkError","decl":{"start":{"line":105,"column":2},"end":{"line":110,"column":3}},"loc":{"start":{"line":105,"column":2},"end":{"line":110,"column":3}},"line":105},"7":{"name":"isValidationError","decl":{"start":{"line":116,"column":7},"end":{"line":118,"column":1}},"loc":{"start":{"line":116,"column":7},"end":{"line":118,"column":1}},"line":116},"8":{"name":"isUnauthorizedError","decl":{"start":{"line":123,"column":7},"end":{"line":125,"column":1}},"loc":{"start":{"line":123,"column":7},"end":{"line":125,"column":1}},"line":123},"9":{"name":"isForbiddenError","decl":{"start":{"line":130,"column":7},"end":{"line":132,"column":1}},"loc":{"start":{"line":130,"column":7},"end":{"line":132,"column":1}},"line":130},"10":{"name":"isRateLimitError","decl":{"start":{"line":137,"column":7},"end":{"line":139,"column":1}},"loc":{"start":{"line":137,"column":7},"end":{"line":139,"column":1}},"line":137},"11":{"name":"isAPIError","decl":{"start":{"line":144,"column":7},"end":{"line":146,"column":1}},"loc":{"start":{"line":144,"column":7},"end":{"line":146,"column":1}},"line":144},"12":{"name":"isNetworkError","decl":{"start":{"line":151,"column":7},"end":{"line":153,"column":1}},"loc":{"start":{"line":151,"column":7},"end":{"line":153,"column":1}},"line":151},"13":{"name":"isEnvlopedError","decl":{"start":{"line":158,"column":7},"end":{"line":160,"column":1}},"loc":{"start":{"line":158,"column":7},"end":{"line":160,"column":1}},"line":158}},"f":{"0":37,"1":15,"2":4,"3":4,"4":4,"5":3,"6":6,"7":4,"8":3,"9":2,"10":2,"11":4,"12":1,"13":9}}
,"/Users/glebshabanov/Documents/Coding/envloped-js/src/index.ts": {"path":"/Users/glebshabanov/Documents/Coding/envloped-js/src/index.ts","all":true,"statementMap":{"7":{"start":{"line":8,"column":0},"end":{"line":8,"column":42}},"10":{"start":{"line":11,"column":0},"end":{"line":11,"column":62}},"13":{"start":{"line":14,"column":0},"end":{"line":14,"column":8}},"45":{"start":{"line":46,"column":0},"end":{"line":46,"column":48}}},"s":{"7":0,"10":0,"13":0,"45":0},"branchMap":{"0":{"type":"branch","line":1,"loc":{"start":{"line":1,"column":873},"end":{"line":46,"column":48}},"locations":[{"start":{"line":1,"column":873},"end":{"line":46,"column":48}}]}},"b":{"0":[1]},"fnMap":{"0":{"name":"(empty-report)","decl":{"start":{"line":1,"column":873},"end":{"line":46,"column":48}},"loc":{"start":{"line":1,"column":873},"end":{"line":46,"column":48}},"line":1}},"f":{"0":1}}
,"/Users/glebshabanov/Documents/Coding/envloped-js/src/types.ts": {"path":"/Users/glebshabanov/Documents/Coding/envloped-js/src/types.ts","all":true,"statementMap":{},"s":{},"branchMap":{"0":{"type":"branch","line":1,"loc":{"start":{"line":1,"column":2599},"end":{"line":117,"column":1}},"locations":[{"start":{"line":1,"column":2599},"end":{"line":117,"column":1}}]}},"b":{"0":[1]},"fnMap":{"0":{"name":"(empty-report)","decl":{"start":{"line":1,"column":2599},"end":{"line":117,"column":1}},"loc":{"start":{"line":1,"column":2599},"end":{"line":117,"column":1}},"line":1}},"f":{"0":1}}
,"/Users/glebshabanov/Documents/Coding/envloped-js/src/version.ts": {"path":"/Users/glebshabanov/Documents/Coding/envloped-js/src/version.ts","all":false,"statementMap":{"3":{"start":{"line":4,"column":0},"end":{"line":4,"column":31}},"8":{"start":{"line":9,"column":0},"end":{"line":9,"column":38}},"9":{"start":{"line":10,"column":0},"end":{"line":10,"column":17}},"10":{"start":{"line":11,"column":0},"end":{"line":11,"column":1}}},"s":{"3":1,"8":1,"9":36,"10":36},"branchMap":{"0":{"type":"branch","line":9,"loc":{"start":{"line":9,"column":7},"end":{"line":11,"column":1}},"locations":[{"start":{"line":9,"column":7},"end":{"line":11,"column":1}}]}},"b":{"0":[36]},"fnMap":{"0":{"name":"getVersion","decl":{"start":{"line":9,"column":7},"end":{"line":11,"column":1}},"loc":{"start":{"line":9,"column":7},"end":{"line":11,"column":1}},"line":9}},"f":{"0":36}}
}
